01:03:19.569 [main                     ] DEBUG Logger               - Configured Logger
01:03:19.595 [main                     ] DEBUG GameApplication      - Logging settings
Title: Guardians of Flora Versus the Legions of Necrosis!
Version: 0.0
Width: 1280
Height: 720
Fullscreen: false
Intro: false
Profiling: false
Single step:false
App Mode: DEVELOPER
Menu Key: ESCAPE
Stage Style: DECORATED
Scene Factory: class com.almasb.fxgl.app.scene.SceneFactory

01:03:20.133 [JavaFX Application Thread] DEBUG FXGLApplication      - Initializing FXGL
01:03:20.136 [JavaFX Application Thread] INFO  Engine               - FXGL-17.3 (30.03.2023 11.49) on WINDOWS (J:20.0.2 FX:20.0.1)
01:03:20.137 [JavaFX Application Thread] DEBUG Engine               - JRE Vendor Name: Oracle Corporation
01:03:20.137 [JavaFX Application Thread] DEBUG Engine               - Running on OS: Windows 11 version 10.0
01:03:20.137 [JavaFX Application Thread] DEBUG Engine               - Architecture: amd64
01:03:20.139 [JavaFX Application Thread] INFO  Engine               - Source code and latest versions at: https://github.com/AlmasB/FXGL
01:03:20.139 [JavaFX Application Thread] INFO  Engine               -       Ask questions and discuss at: https://github.com/AlmasB/FXGL/discussions
01:03:20.139 [JavaFX Application Thread] INFO  Engine               -              Join the FXGL chat at: https://gitter.im/AlmasB/FXGL
01:03:20.220 [JavaFX Application Thread] DEBUG PrimaryStageWindow   - Creating a JavaFX scene
01:03:20.262 [JavaFX Application Thread] DEBUG PrimaryStageWindow   - Target settings size: 1280.0 x 720.0
01:03:20.263 [JavaFX Application Thread] DEBUG PrimaryStageWindow   - Scaled scene size:    1280.0 x 720.0
01:03:20.263 [JavaFX Application Thread] DEBUG PrimaryStageWindow   - Scaled ratio: (1.0, 1.0)
01:03:20.264 [JavaFX Application Thread] DEBUG PrimaryStageWindow   - Set initial scene to FXGLStartupScene
01:03:20.268 [JavaFX Application Thread] DEBUG PrimaryStageWindow   - Opening main window
01:03:20.400 [JavaFX Application Thread] DEBUG PrimaryStageWindow   - Window border size: (16.0, 39.0)
01:03:20.401 [JavaFX Application Thread] DEBUG PrimaryStageWindow   - Scaled size: 1280.0 x 720.0
01:03:20.401 [JavaFX Application Thread] DEBUG PrimaryStageWindow   - Scaled ratio: (1.0, 1.0)
01:03:20.402 [JavaFX Application Thread] DEBUG PrimaryStageWindow   - Scene size: 1280.0 x 720.0
01:03:20.402 [JavaFX Application Thread] DEBUG PrimaryStageWindow   - Stage size: 1296.0 x 759.0
01:03:20.409 [FXGL Background Thread 1 ] DEBUG Engine               - Initializing environment variables
01:03:20.461 [FXGL Background Thread 1 ] DEBUG FXGLAssetLoaderServi - User app class for loading assets: class org.tubesoopif2212.Gui
01:03:20.462 [FXGL Background Thread 1 ] DEBUG GameApplicationServi - Applying CSS: fxgl_dark.css
01:03:20.462 [FXGL Background Thread 1 ] DEBUG FXGLAssetLoaderServi - Loading from file system: jar:file:///C:/Users/Omen/.gradle/caches/modules-2/files-2.1/com.github.almasb/fxgl/17.3/614d2b2607c97fe7b539dfa75036066a8010f74b/fxgl-17.3.jar!/fxglassets/ui/css/fxgl_dark.css
01:03:20.507 [FXGL Background Thread 1 ] DEBUG GameApplicationServi - Initializing application scenes
01:03:20.547 [FXGL Background Thread 1 ] DEBUG GameWorld            - Game world initialized
01:03:20.602 [FXGL Background Thread 1 ] DEBUG PhysicsWorld         - Physics world initialized: appHeight=720, physics.ppm=50.0
01:03:20.603 [FXGL Background Thread 1 ] DEBUG PhysicsWorld         - Using strategy: BRUTE_FORCE
01:03:20.608 [FXGL Background Thread 1 ] DEBUG GameScene            - Game scene initialized: 1280x720
01:03:20.620 [FXGL Background Thread 1 ] DEBUG FXGL.DefaultMenu     - createMenuBodyGameMenu()
01:03:20.634 [FXGL Background Thread 1 ] DEBUG FXGL.DefaultMenu     - createOptionsMenu()
01:03:20.644 [FXGL Background Thread 1 ] DEBUG FXGLAssetLoaderServi - Loading from file system: jar:file:///C:/Users/Omen/.gradle/caches/modules-2/files-2.1/com.github.almasb/fxgl/17.3/614d2b2607c97fe7b539dfa75036066a8010f74b/fxgl-17.3.jar!/fxglassets/textures/particles/smoke.png
01:03:20.746 [FXGL Background Thread 1 ] DEBUG FXGLAssetLoaderServi - Loading from file system: jar:file:///C:/Users/Omen/.gradle/caches/modules-2/files-2.1/com.github.almasb/fxgl/17.3/614d2b2607c97fe7b539dfa75036066a8010f74b/fxgl-17.3.jar!/fxglassets/textures/particles/trace_horizontal.png
01:03:20.778 [FXGL Background Thread 1 ] DEBUG GameApplicationServi - Application scenes initialized
01:03:20.794 [FXGL Background Thread 1 ] DEBUG SystemBundleService  - Loading FXGL system data
01:03:20.800 [FXGL Background Thread 1 ] DEBUG FileSystemAccess     - Reading from: C:\Users\Omen\Documents\pp\Tubes OOP s2\Tubes-OOP-IF2212\system\fxgl.bundle
01:03:20.811 [FXGL Background Thread 1 ] DEBUG SystemBundleService  - Bundle FXGL: {}
01:03:20.813 [FXGL Background Thread 1 ] DEBUG UpdaterService       - Checking for updates
01:03:20.817 [FXGL Background Thread 4 ] DEBUG FXGLApplication      - Loading fonts
01:03:20.817 [FXGL Background Thread 4 ] DEBUG FXGLAssetLoaderServi - Loading from file system: jar:file:///C:/Users/Omen/.gradle/caches/modules-2/files-2.1/com.github.almasb/fxgl/17.3/614d2b2607c97fe7b539dfa75036066a8010f74b/fxgl-17.3.jar!/fxglassets/ui/fonts/VarelaRound-Regular.ttf
01:03:20.818 [FXGL Background Thread 1 ] DEBUG FXGLApplication      - Loading default localization
01:03:20.818 [FXGL Background Thread 1 ] DEBUG FXGLAssetLoaderServi - Loading from file system: jar:file:///C:/Users/Omen/.gradle/caches/modules-2/files-2.1/com.github.almasb/fxgl/17.3/614d2b2607c97fe7b539dfa75036066a8010f74b/fxgl-17.3.jar!/fxglassets/languages/english.lang
01:03:20.849 [FXGL Background Thread 1 ] INFO  FXGLApplication      - FXGL initialization took: 0.440 sec
01:03:20.850 [JavaFX Application Thread] DEBUG FXGLAssetLoaderServi - Loading from file system: jar:file:///C:/Users/Omen/.gradle/caches/modules-2/files-2.1/com.github.almasb/fxgl/17.3/614d2b2607c97fe7b539dfa75036066a8010f74b/fxgl-17.3.jar!/fxglassets/textures/fxgl_icon.png
01:03:20.873 [JavaFX Application Thread] DEBUG FXGLAssetLoaderServi - Loading from file system: jar:file:///C:/Users/Omen/.gradle/caches/modules-2/files-2.1/com.github.almasb/fxgl/17.3/614d2b2607c97fe7b539dfa75036066a8010f74b/fxgl-17.3.jar!/fxglassets/textures/fxgl_default_cursor.png
01:03:20.895 [JavaFX Application Thread] DEBUG Input                - Registered new binding: Screenshot - CTRL+8
01:03:20.897 [JavaFX Application Thread] DEBUG Input                - Registered new binding: System info dump - CTRL+9
01:03:20.897 [JavaFX Application Thread] DEBUG Input                - Registered new binding: Restart - CTRL+R
01:03:20.900 [JavaFX Application Thread] DEBUG Input                - Registered new binding: Toggle Debug Camera - CTRL+7
01:03:20.907 [FXGL Background Thread 4 ] DEBUG FXGLAssetLoaderServi - Loading from file system: jar:file:///C:/Users/Omen/.gradle/caches/modules-2/files-2.1/com.github.almasb/fxgl/17.3/614d2b2607c97fe7b539dfa75036066a8010f74b/fxgl-17.3.jar!/fxglassets/ui/fonts/Abel-Regular.ttf
01:03:20.908 [JavaFX Application Thread] DEBUG LoopRunner           - Starting loop
01:03:20.908 [JavaFX Application Thread] DEBUG LoopRunner           - Initializing JavaFX AnimationTimerLoop
01:03:20.910 [JavaFX Application Thread] DEBUG GameApplicationServi - Starting new game
01:03:20.911 [FXGL Background Thread 4 ] DEBUG FXGLAssetLoaderServi - Loading from file system: jar:file:///C:/Users/Omen/.gradle/caches/modules-2/files-2.1/com.github.almasb/fxgl/17.3/614d2b2607c97fe7b539dfa75036066a8010f74b/fxgl-17.3.jar!/fxglassets/ui/fonts/TerminalLandMono-Regular.otf
01:03:20.911 [JavaFX Application Thread] DEBUG Input                - Clearing active input actions
01:03:20.917 [FXGL Background Thread 4 ] DEBUG FXGLAssetLoaderServi - Loading from file system: jar:file:///C:/Users/Omen/.gradle/caches/modules-2/files-2.1/com.github.almasb/fxgl/17.3/614d2b2607c97fe7b539dfa75036066a8010f74b/fxgl-17.3.jar!/fxglassets/ui/fonts/Courier-Prime.ttf
01:03:20.931 [JavaFX Application Thread] DEBUG GameApplicationServi - Removing overlay from FXGLStartupScene and adding to FXGLLoadingScene
01:03:20.932 [JavaFX Application Thread] DEBUG PrimaryStageWindow   - FXGLStartupScene -> FXGLLoadingScene
01:03:20.932 [JavaFX Application Thread] DEBUG GameApplicationServi - Clearing previous game
01:03:20.932 [JavaFX Application Thread] DEBUG GameScene            - Clearing game scene
01:03:20.932 [JavaFX Application Thread] DEBUG GameWorld            - Clearing game world
01:03:20.932 [JavaFX Application Thread] DEBUG PhysicsWorld         - Clearing physics world
01:03:20.936 [FXGL Background Thread 4 ] DEBUG FXGLApplication      - Initializing game
01:03:20.940 [FXGL Background Thread 4 ] INFO  FXGLApplication      - Game initialization took: 0.004 sec
01:03:20.999 [JavaFX Application Thread] DEBUG FXGLApplication      - Registering font factories with UI factory
01:03:21.005 [JavaFX Application Thread] DEBUG Input                - Clearing active input actions
01:03:21.024 [JavaFX Application Thread] DEBUG GameApplicationServi - Removing overlay from FXGLLoadingScene and adding to GameScene
01:03:21.025 [JavaFX Application Thread] DEBUG PrimaryStageWindow   - FXGLLoadingScene -> GameScene
01:03:21.309 [FXGL Background Thread 2 ] INFO  UpdaterService       - Your current version:  17.3
01:03:21.309 [FXGL Background Thread 2 ] INFO  UpdaterService       - Latest stable version: 21.1
01:03:21.564 [JavaFX Application Thread] WARN  FXGLAssetLoaderServi - Asset "/assets/textures/peashooter.png" was not found!
01:03:21.564 [JavaFX Application Thread] WARN  FXGLAssetLoaderServi - Failed to load IMAGE
01:03:22.516 [JavaFX Application Thread] DEBUG FXGLApplication      - Exiting FXGL
01:03:22.516 [JavaFX Application Thread] DEBUG LoopRunner           - Stopping loop
01:03:22.516 [JavaFX Application Thread] DEBUG SystemBundleService  - Saving FXGL system data
01:03:22.518 [JavaFX Application Thread] DEBUG FileSystemAccess     - Writing to: C:\Users\Omen\Documents\pp\Tubes OOP s2\Tubes-OOP-IF2212\system\fxgl.bundle
01:03:22.520 [JavaFX Application Thread] DEBUG Async                - Shutting down background threads
01:03:22.520 [JavaFX Application Thread] DEBUG PrimaryStageWindow   - Closing main window
01:03:22.554 [JavaFX Application Thread] DEBUG Logger               - Closing Logger
