00:57:31.396 [main                     ] DEBUG Logger               - Configured Logger
00:57:31.422 [main                     ] DEBUG GameApplication      - Logging settings
Title: Guardians of Flora Versus the Legions of Necrosis!
Version: 0.0
Width: 1280
Height: 720
Fullscreen: false
Intro: false
Profiling: false
Single step:false
App Mode: DEVELOPER
Menu Key: ESCAPE
Stage Style: DECORATED
Scene Factory: class com.almasb.fxgl.app.scene.SceneFactory

00:57:31.967 [JavaFX Application Thread] DEBUG FXGLApplication      - Initializing FXGL
00:57:31.971 [JavaFX Application Thread] INFO  Engine               - FXGL-17.3 (30.03.2023 11.49) on WINDOWS (J:20.0.2 FX:20.0.1)
00:57:31.972 [JavaFX Application Thread] DEBUG Engine               - JRE Vendor Name: Oracle Corporation
00:57:31.972 [JavaFX Application Thread] DEBUG Engine               - Running on OS: Windows 11 version 10.0
00:57:31.972 [JavaFX Application Thread] DEBUG Engine               - Architecture: amd64
00:57:31.972 [JavaFX Application Thread] INFO  Engine               - Source code and latest versions at: https://github.com/AlmasB/FXGL
00:57:31.972 [JavaFX Application Thread] INFO  Engine               -       Ask questions and discuss at: https://github.com/AlmasB/FXGL/discussions
00:57:31.972 [JavaFX Application Thread] INFO  Engine               -              Join the FXGL chat at: https://gitter.im/AlmasB/FXGL
00:57:32.054 [JavaFX Application Thread] DEBUG PrimaryStageWindow   - Creating a JavaFX scene
00:57:32.098 [JavaFX Application Thread] DEBUG PrimaryStageWindow   - Target settings size: 1280.0 x 720.0
00:57:32.099 [JavaFX Application Thread] DEBUG PrimaryStageWindow   - Scaled scene size:    1280.0 x 720.0
00:57:32.099 [JavaFX Application Thread] DEBUG PrimaryStageWindow   - Scaled ratio: (1.0, 1.0)
00:57:32.100 [JavaFX Application Thread] DEBUG PrimaryStageWindow   - Set initial scene to FXGLStartupScene
00:57:32.102 [JavaFX Application Thread] DEBUG PrimaryStageWindow   - Opening main window
00:57:32.231 [JavaFX Application Thread] DEBUG PrimaryStageWindow   - Window border size: (16.0, 39.0)
00:57:32.231 [JavaFX Application Thread] DEBUG PrimaryStageWindow   - Scaled size: 1280.0 x 720.0
00:57:32.232 [JavaFX Application Thread] DEBUG PrimaryStageWindow   - Scaled ratio: (1.0, 1.0)
00:57:32.232 [JavaFX Application Thread] DEBUG PrimaryStageWindow   - Scene size: 1280.0 x 720.0
00:57:32.232 [JavaFX Application Thread] DEBUG PrimaryStageWindow   - Stage size: 1296.0 x 759.0
00:57:32.239 [FXGL Background Thread 1 ] DEBUG Engine               - Initializing environment variables
00:57:32.293 [FXGL Background Thread 1 ] DEBUG FXGLAssetLoaderServi - User app class for loading assets: class org.tubesoopif2212.Gui
00:57:32.295 [FXGL Background Thread 1 ] DEBUG GameApplicationServi - Applying CSS: fxgl_dark.css
00:57:32.295 [FXGL Background Thread 1 ] DEBUG FXGLAssetLoaderServi - Loading from file system: jar:file:///C:/Users/Omen/.gradle/caches/modules-2/files-2.1/com.github.almasb/fxgl/17.3/614d2b2607c97fe7b539dfa75036066a8010f74b/fxgl-17.3.jar!/fxglassets/ui/css/fxgl_dark.css
00:57:32.341 [FXGL Background Thread 1 ] DEBUG GameApplicationServi - Initializing application scenes
00:57:32.387 [FXGL Background Thread 1 ] DEBUG GameWorld            - Game world initialized
00:57:32.452 [FXGL Background Thread 1 ] DEBUG PhysicsWorld         - Physics world initialized: appHeight=720, physics.ppm=50.0
00:57:32.453 [FXGL Background Thread 1 ] DEBUG PhysicsWorld         - Using strategy: BRUTE_FORCE
00:57:32.457 [FXGL Background Thread 1 ] DEBUG GameScene            - Game scene initialized: 1280x720
00:57:32.470 [FXGL Background Thread 1 ] DEBUG FXGL.DefaultMenu     - createMenuBodyGameMenu()
00:57:32.483 [FXGL Background Thread 1 ] DEBUG FXGL.DefaultMenu     - createOptionsMenu()
00:57:32.492 [FXGL Background Thread 1 ] DEBUG FXGLAssetLoaderServi - Loading from file system: jar:file:///C:/Users/Omen/.gradle/caches/modules-2/files-2.1/com.github.almasb/fxgl/17.3/614d2b2607c97fe7b539dfa75036066a8010f74b/fxgl-17.3.jar!/fxglassets/textures/particles/smoke.png
00:57:32.600 [FXGL Background Thread 1 ] DEBUG FXGLAssetLoaderServi - Loading from file system: jar:file:///C:/Users/Omen/.gradle/caches/modules-2/files-2.1/com.github.almasb/fxgl/17.3/614d2b2607c97fe7b539dfa75036066a8010f74b/fxgl-17.3.jar!/fxglassets/textures/particles/trace_horizontal.png
00:57:32.642 [FXGL Background Thread 1 ] DEBUG GameApplicationServi - Application scenes initialized
00:57:32.656 [FXGL Background Thread 1 ] DEBUG SystemBundleService  - Loading FXGL system data
00:57:32.661 [FXGL Background Thread 1 ] DEBUG FileSystemAccess     - Reading from: C:\Users\Omen\Documents\pp\Tubes OOP s2\Tubes-OOP-IF2212\system\fxgl.bundle
00:57:32.672 [FXGL Background Thread 1 ] DEBUG SystemBundleService  - Bundle FXGL: {}
00:57:32.672 [FXGL Background Thread 1 ] DEBUG UpdaterService       - Checking for updates
00:57:32.677 [FXGL Background Thread 4 ] DEBUG FXGLApplication      - Loading fonts
00:57:32.677 [FXGL Background Thread 4 ] DEBUG FXGLAssetLoaderServi - Loading from file system: jar:file:///C:/Users/Omen/.gradle/caches/modules-2/files-2.1/com.github.almasb/fxgl/17.3/614d2b2607c97fe7b539dfa75036066a8010f74b/fxgl-17.3.jar!/fxglassets/ui/fonts/VarelaRound-Regular.ttf
00:57:32.677 [FXGL Background Thread 1 ] DEBUG FXGLApplication      - Loading default localization
00:57:32.679 [FXGL Background Thread 1 ] DEBUG FXGLAssetLoaderServi - Loading from file system: jar:file:///C:/Users/Omen/.gradle/caches/modules-2/files-2.1/com.github.almasb/fxgl/17.3/614d2b2607c97fe7b539dfa75036066a8010f74b/fxgl-17.3.jar!/fxglassets/languages/english.lang
00:57:32.713 [FXGL Background Thread 1 ] INFO  FXGLApplication      - FXGL initialization took: 0.474 sec
00:57:32.714 [JavaFX Application Thread] DEBUG FXGLAssetLoaderServi - Loading from file system: jar:file:///C:/Users/Omen/.gradle/caches/modules-2/files-2.1/com.github.almasb/fxgl/17.3/614d2b2607c97fe7b539dfa75036066a8010f74b/fxgl-17.3.jar!/fxglassets/textures/fxgl_icon.png
00:57:32.747 [JavaFX Application Thread] DEBUG FXGLAssetLoaderServi - Loading from file system: jar:file:///C:/Users/Omen/.gradle/caches/modules-2/files-2.1/com.github.almasb/fxgl/17.3/614d2b2607c97fe7b539dfa75036066a8010f74b/fxgl-17.3.jar!/fxglassets/textures/fxgl_default_cursor.png
00:57:32.768 [FXGL Background Thread 4 ] DEBUG FXGLAssetLoaderServi - Loading from file system: jar:file:///C:/Users/Omen/.gradle/caches/modules-2/files-2.1/com.github.almasb/fxgl/17.3/614d2b2607c97fe7b539dfa75036066a8010f74b/fxgl-17.3.jar!/fxglassets/ui/fonts/Abel-Regular.ttf
00:57:32.772 [FXGL Background Thread 4 ] DEBUG FXGLAssetLoaderServi - Loading from file system: jar:file:///C:/Users/Omen/.gradle/caches/modules-2/files-2.1/com.github.almasb/fxgl/17.3/614d2b2607c97fe7b539dfa75036066a8010f74b/fxgl-17.3.jar!/fxglassets/ui/fonts/TerminalLandMono-Regular.otf
00:57:32.776 [FXGL Background Thread 4 ] DEBUG FXGLAssetLoaderServi - Loading from file system: jar:file:///C:/Users/Omen/.gradle/caches/modules-2/files-2.1/com.github.almasb/fxgl/17.3/614d2b2607c97fe7b539dfa75036066a8010f74b/fxgl-17.3.jar!/fxglassets/ui/fonts/Courier-Prime.ttf
00:57:32.777 [JavaFX Application Thread] DEBUG Input                - Registered new binding: Screenshot - CTRL+8
00:57:32.779 [JavaFX Application Thread] DEBUG Input                - Registered new binding: System info dump - CTRL+9
00:57:32.780 [JavaFX Application Thread] DEBUG Input                - Registered new binding: Restart - CTRL+R
00:57:32.783 [JavaFX Application Thread] DEBUG Input                - Registered new binding: Toggle Debug Camera - CTRL+7
00:57:32.789 [JavaFX Application Thread] DEBUG LoopRunner           - Starting loop
00:57:32.789 [JavaFX Application Thread] DEBUG LoopRunner           - Initializing JavaFX AnimationTimerLoop
00:57:32.792 [JavaFX Application Thread] DEBUG GameApplicationServi - Starting new game
00:57:32.793 [JavaFX Application Thread] DEBUG Input                - Clearing active input actions
00:57:32.809 [JavaFX Application Thread] DEBUG GameApplicationServi - Removing overlay from FXGLStartupScene and adding to FXGLLoadingScene
00:57:32.810 [JavaFX Application Thread] DEBUG PrimaryStageWindow   - FXGLStartupScene -> FXGLLoadingScene
00:57:32.810 [JavaFX Application Thread] DEBUG GameApplicationServi - Clearing previous game
00:57:32.810 [JavaFX Application Thread] DEBUG GameScene            - Clearing game scene
00:57:32.810 [JavaFX Application Thread] DEBUG GameWorld            - Clearing game world
00:57:32.810 [JavaFX Application Thread] DEBUG PhysicsWorld         - Clearing physics world
00:57:32.813 [FXGL Background Thread 4 ] DEBUG FXGLApplication      - Initializing game
00:57:32.813 [JavaFX Application Thread] DEBUG FXGLApplication      - Registering font factories with UI factory
00:57:32.881 [FXGL Background Thread 4 ] INFO  FXGLApplication      - Game initialization took: 0.067 sec
00:57:32.886 [JavaFX Application Thread] DEBUG Input                - Clearing active input actions
00:57:32.894 [JavaFX Application Thread] DEBUG GameApplicationServi - Removing overlay from FXGLLoadingScene and adding to GameScene
00:57:32.895 [JavaFX Application Thread] DEBUG PrimaryStageWindow   - FXGLLoadingScene -> GameScene
00:57:34.163 [FXGL Background Thread 2 ] INFO  UpdaterService       - Your current version:  17.3
00:57:34.163 [FXGL Background Thread 2 ] INFO  UpdaterService       - Latest stable version: 21.1
00:57:35.676 [FXGL Background Thread 3 ] DEBUG Engine               - Logging environment variables
00:57:35.676 [FXGL Background Thread 3 ] DEBUG Engine               - achievements: []
00:57:35.677 [FXGL Background Thread 3 ] DEBUG Engine               - actualHeight: 720.0
00:57:35.677 [FXGL Background Thread 3 ] DEBUG Engine               - actualHeightProperty: ReadOnlyDoubleProperty [value: 720.0]
00:57:35.677 [FXGL Background Thread 3 ] DEBUG Engine               - actualWidth: 1280.0
00:57:35.677 [FXGL Background Thread 3 ] DEBUG Engine               - actualWidthProperty: ReadOnlyDoubleProperty [value: 1280.0]
00:57:35.677 [FXGL Background Thread 3 ] DEBUG Engine               - appIcon: fxgl_icon.png
00:57:35.677 [FXGL Background Thread 3 ] DEBUG Engine               - applicationMode: DEVELOPER
00:57:35.677 [FXGL Background Thread 3 ] DEBUG Engine               - cSSList: [fxgl_dark.css]
00:57:35.677 [FXGL Background Thread 3 ] DEBUG Engine               - collisionDetectionStrategy: BRUTE_FORCE
00:57:35.677 [FXGL Background Thread 3 ] DEBUG Engine               - configClass: Optional.empty
00:57:35.677 [FXGL Background Thread 3 ] DEBUG Engine               - credits: []
00:57:35.678 [FXGL Background Thread 3 ] DEBUG Engine               - defaultCursor: CursorInfo(imageName=fxgl_default_cursor.png, hotspotX=7.0, hotspotY=6.0)
00:57:35.678 [FXGL Background Thread 3 ] DEBUG Engine               - devBBoxColorProperty: ObjectProperty [value: 0xff0000ff]
00:57:35.678 [FXGL Background Thread 3 ] DEBUG Engine               - devEnableDebugCameraProperty: BooleanProperty [value: false]
00:57:35.678 [FXGL Background Thread 3 ] DEBUG Engine               - devSensorColorProperty: ObjectProperty [value: 0xffff00ff]
00:57:35.678 [FXGL Background Thread 3 ] DEBUG Engine               - devShowBBoxProperty: BooleanProperty [value: false]
00:57:35.678 [FXGL Background Thread 3 ] DEBUG Engine               - devShowPositionProperty: BooleanProperty [value: false]
00:57:35.678 [FXGL Background Thread 3 ] DEBUG Engine               - enabledMenuItems: []
00:57:35.678 [FXGL Background Thread 3 ] DEBUG Engine               - engineServices: [class com.almasb.fxgl.app.services.FXGLAssetLoaderService, class com.almasb.fxgl.app.FXGLApplication$GameApplicationService, class com.almasb.fxgl.app.services.FXGLDialogService, class com.almasb.fxgl.app.services.IOTaskExecutorService, class com.almasb.fxgl.io.FileSystemService, class com.almasb.fxgl.localization.LocalizationService, class com.almasb.fxgl.app.services.SystemBundleService, class com.almasb.fxgl.profile.SaveLoadService, class com.almasb.fxgl.ui.FXGLUIFactoryServiceProvider, class com.almasb.fxgl.ui.FXGLDialogFactoryServiceProvider, class com.almasb.fxgl.audio.AudioPlayer, class com.almasb.fxgl.notification.impl.NotificationServiceProvider, class com.almasb.fxgl.achievement.AchievementService, class com.almasb.fxgl.cutscene.CutsceneService, class com.almasb.fxgl.minigames.MiniGameService, class com.almasb.fxgl.net.NetService, class com.almasb.fxgl.app.services.UpdaterService, class com.almasb.fxgl.dev.DevService]
00:57:35.678 [FXGL Background Thread 3 ] DEBUG Engine               - fontGame: Abel-Regular.ttf
00:57:35.678 [FXGL Background Thread 3 ] DEBUG Engine               - fontMono: TerminalLandMono-Regular.otf
00:57:35.678 [FXGL Background Thread 3 ] DEBUG Engine               - fontSizeScaleUI: 1.0
00:57:35.678 [FXGL Background Thread 3 ] DEBUG Engine               - fontText: Courier-Prime.ttf
00:57:35.678 [FXGL Background Thread 3 ] DEBUG Engine               - fontUI: VarelaRound-Regular.ttf
00:57:35.678 [FXGL Background Thread 3 ] DEBUG Engine               - fullScreen: BooleanProperty [value: false]
00:57:35.678 [FXGL Background Thread 3 ] DEBUG Engine               - gameDifficulty: MEDIUM
00:57:35.678 [FXGL Background Thread 3 ] DEBUG Engine               - gameDifficultyProperty: ObjectProperty [value: MEDIUM]
00:57:35.678 [FXGL Background Thread 3 ] DEBUG Engine               - globalMusicVolume: 0.5
00:57:35.678 [FXGL Background Thread 3 ] DEBUG Engine               - globalMusicVolumeProperty: DoubleProperty [value: 0.5]
00:57:35.678 [FXGL Background Thread 3 ] DEBUG Engine               - globalSoundVolume: 0.5
00:57:35.680 [FXGL Background Thread 3 ] DEBUG Engine               - globalSoundVolumeProperty: DoubleProperty [value: 0.5]
00:57:35.680 [FXGL Background Thread 3 ] DEBUG Engine               - height: 720
00:57:35.680 [FXGL Background Thread 3 ] DEBUG Engine               - is3D: false
00:57:35.680 [FXGL Background Thread 3 ] DEBUG Engine               - isAndroid: false
00:57:35.680 [FXGL Background Thread 3 ] DEBUG Engine               - isBrowser: false
00:57:35.680 [FXGL Background Thread 3 ] DEBUG Engine               - isClickFeedbackEnabled: false
00:57:35.680 [FXGL Background Thread 3 ] DEBUG Engine               - isCloseConfirmation: false
00:57:35.680 [FXGL Background Thread 3 ] DEBUG Engine               - isDesktop: true
00:57:35.680 [FXGL Background Thread 3 ] DEBUG Engine               - isDeveloperMenuEnabled: false
00:57:35.680 [FXGL Background Thread 3 ] DEBUG Engine               - isEmbedded: false
00:57:35.680 [FXGL Background Thread 3 ] DEBUG Engine               - isEntityPreloadEnabled: true
00:57:35.680 [FXGL Background Thread 3 ] DEBUG Engine               - isExperimentalTiledLargeMap: false
00:57:35.680 [FXGL Background Thread 3 ] DEBUG Engine               - isFileSystemWriteAllowed: true
00:57:35.680 [FXGL Background Thread 3 ] DEBUG Engine               - isFullScreenAllowed: false
00:57:35.680 [FXGL Background Thread 3 ] DEBUG Engine               - isFullScreenFromStart: false
00:57:35.680 [FXGL Background Thread 3 ] DEBUG Engine               - isGameMenuEnabled: true
00:57:35.680 [FXGL Background Thread 3 ] DEBUG Engine               - isIOS: false
00:57:35.680 [FXGL Background Thread 3 ] DEBUG Engine               - isIntroEnabled: false
00:57:35.680 [FXGL Background Thread 3 ] DEBUG Engine               - isLinux: false
00:57:35.680 [FXGL Background Thread 3 ] DEBUG Engine               - isMac: false
00:57:35.680 [FXGL Background Thread 3 ] DEBUG Engine               - isMainMenuEnabled: false
00:57:35.680 [FXGL Background Thread 3 ] DEBUG Engine               - isManualResizeEnabled: false
00:57:35.680 [FXGL Background Thread 3 ] DEBUG Engine               - isMobile: false
00:57:35.680 [FXGL Background Thread 3 ] DEBUG Engine               - isNative: false
00:57:35.680 [FXGL Background Thread 3 ] DEBUG Engine               - isPauseMusicWhenMinimized: true
00:57:35.680 [FXGL Background Thread 3 ] DEBUG Engine               - isPreserveResizeRatio: false
00:57:35.680 [FXGL Background Thread 3 ] DEBUG Engine               - isProfilingEnabled: false
00:57:35.680 [FXGL Background Thread 3 ] DEBUG Engine               - isScaleAffectedOnResize: true
00:57:35.681 [FXGL Background Thread 3 ] DEBUG Engine               - isSingleStep: false
00:57:35.681 [FXGL Background Thread 3 ] DEBUG Engine               - isUserProfileEnabled: false
00:57:35.681 [FXGL Background Thread 3 ] DEBUG Engine               - isWindows: true
00:57:35.681 [FXGL Background Thread 3 ] DEBUG Engine               - language: ObjectProperty [value: ENGLISH]
00:57:35.681 [FXGL Background Thread 3 ] DEBUG Engine               - menuKey: ESCAPE
00:57:35.681 [FXGL Background Thread 3 ] DEBUG Engine               - mouseSensitivity: 0.2
00:57:35.681 [FXGL Background Thread 3 ] DEBUG Engine               - notificationViewClass: class com.almasb.fxgl.notification.view.XboxNotificationView
00:57:35.681 [FXGL Background Thread 3 ] DEBUG Engine               - pixelsPerMeter: 50.0
00:57:35.681 [FXGL Background Thread 3 ] DEBUG Engine               - platform: WINDOWS
00:57:35.681 [FXGL Background Thread 3 ] DEBUG Engine               - prefHeightProperty: ReadOnlyDoubleProperty [value: 720.0]
00:57:35.681 [FXGL Background Thread 3 ] DEBUG Engine               - prefWidthProperty: ReadOnlyDoubleProperty [value: 1280.0]
00:57:35.681 [FXGL Background Thread 3 ] DEBUG Engine               - profileDir: profiles/
00:57:35.681 [FXGL Background Thread 3 ] DEBUG Engine               - profileName: StringProperty [value: DEFAULT]
00:57:35.681 [FXGL Background Thread 3 ] DEBUG Engine               - randomSeed: -1
00:57:35.681 [FXGL Background Thread 3 ] DEBUG Engine               - runtimeInfo: RuntimeInfo(platform=WINDOWS, version=17.3, build=30.03.2023 11.49)
00:57:35.681 [FXGL Background Thread 3 ] DEBUG Engine               - saveFileExt: sav
00:57:35.681 [FXGL Background Thread 3 ] DEBUG Engine               - scaledHeightProp$fxgl: DoubleProperty [bound, value: 720.0]
00:57:35.681 [FXGL Background Thread 3 ] DEBUG Engine               - scaledWidthProp$fxgl: DoubleProperty [bound, value: 1280.0]
00:57:35.681 [FXGL Background Thread 3 ] DEBUG Engine               - sceneFactory: com.almasb.fxgl.app.scene.SceneFactory@507f0235
00:57:35.681 [FXGL Background Thread 3 ] DEBUG Engine               - secondsIn24h: 60
00:57:35.682 [FXGL Background Thread 3 ] DEBUG Engine               - soundMenuBack: menu/back.wav
00:57:35.682 [FXGL Background Thread 3 ] DEBUG Engine               - soundMenuPress: menu/press.wav
00:57:35.682 [FXGL Background Thread 3 ] DEBUG Engine               - soundMenuSelect: menu/select.wav
00:57:35.682 [FXGL Background Thread 3 ] DEBUG Engine               - soundNotification: core/notification.wav
00:57:35.682 [FXGL Background Thread 3 ] DEBUG Engine               - stageStyle: DECORATED
00:57:35.682 [FXGL Background Thread 3 ] DEBUG Engine               - supportedLanguages: [ENGLISH, FRENCH, GERMAN, HUNGARIAN, RUSSIAN]
00:57:35.682 [FXGL Background Thread 3 ] DEBUG Engine               - ticksPerSecond: -1
00:57:35.682 [FXGL Background Thread 3 ] DEBUG Engine               - title: Guardians of Flora Versus the Legions of Necrosis!
00:57:35.682 [FXGL Background Thread 3 ] DEBUG Engine               - urlGithub: https://github.com/AlmasB/FXGL
00:57:35.682 [FXGL Background Thread 3 ] DEBUG Engine               - urlLeaderboard: http://fxgl-top.herokuapp.com/
00:57:35.682 [FXGL Background Thread 3 ] DEBUG Engine               - urlPOM: https://raw.githubusercontent.com/AlmasB/FXGL/release/README.md
00:57:35.682 [FXGL Background Thread 3 ] DEBUG Engine               - userAppClass: class org.tubesoopif2212.Gui
00:57:35.682 [FXGL Background Thread 3 ] DEBUG Engine               - version: 0.0
00:57:35.682 [FXGL Background Thread 3 ] DEBUG Engine               - versionCheckDays: 7
00:57:35.682 [FXGL Background Thread 3 ] DEBUG Engine               - width: 1280
00:57:35.682 [FXGL Background Thread 3 ] DEBUG Engine               - Logging services
00:57:35.682 [FXGL Background Thread 3 ] DEBUG Engine               - class com.almasb.fxgl.app.services.FXGLAssetLoaderService
00:57:35.682 [FXGL Background Thread 3 ] DEBUG Engine               - class com.almasb.fxgl.app.FXGLApplication$GameApplicationService
00:57:35.682 [FXGL Background Thread 3 ] DEBUG Engine               - class com.almasb.fxgl.app.services.FXGLDialogService
00:57:35.682 [FXGL Background Thread 3 ] DEBUG Engine               - class com.almasb.fxgl.app.services.IOTaskExecutorService
00:57:35.682 [FXGL Background Thread 3 ] DEBUG Engine               - class com.almasb.fxgl.io.FileSystemService
00:57:35.682 [FXGL Background Thread 3 ] DEBUG Engine               - class com.almasb.fxgl.localization.LocalizationService
00:57:35.682 [FXGL Background Thread 3 ] DEBUG Engine               - class com.almasb.fxgl.app.services.SystemBundleService
00:57:35.682 [FXGL Background Thread 3 ] DEBUG Engine               - class com.almasb.fxgl.profile.SaveLoadService
00:57:35.682 [FXGL Background Thread 3 ] DEBUG Engine               - class com.almasb.fxgl.ui.FXGLUIFactoryServiceProvider
00:57:35.682 [FXGL Background Thread 3 ] DEBUG Engine               - class com.almasb.fxgl.ui.FXGLDialogFactoryServiceProvider
00:57:35.682 [FXGL Background Thread 3 ] DEBUG Engine               - class com.almasb.fxgl.audio.AudioPlayer
00:57:35.682 [FXGL Background Thread 3 ] DEBUG Engine               - class com.almasb.fxgl.notification.impl.NotificationServiceProvider
00:57:35.682 [FXGL Background Thread 3 ] DEBUG Engine               - class com.almasb.fxgl.achievement.AchievementService
00:57:35.682 [FXGL Background Thread 3 ] DEBUG Engine               - class com.almasb.fxgl.cutscene.CutsceneService
00:57:35.682 [FXGL Background Thread 3 ] DEBUG Engine               - class com.almasb.fxgl.minigames.MiniGameService
00:57:35.682 [FXGL Background Thread 3 ] DEBUG Engine               - class com.almasb.fxgl.net.NetService
00:57:35.682 [FXGL Background Thread 3 ] DEBUG Engine               - class com.almasb.fxgl.app.services.UpdaterService
00:57:35.682 [FXGL Background Thread 3 ] DEBUG Engine               - class com.almasb.fxgl.dev.DevService
00:57:37.253 [JavaFX Application Thread] DEBUG FXGLApplication      - Exiting FXGL
00:57:37.253 [JavaFX Application Thread] DEBUG LoopRunner           - Stopping loop
00:57:37.253 [JavaFX Application Thread] DEBUG SystemBundleService  - Saving FXGL system data
00:57:37.255 [JavaFX Application Thread] DEBUG FileSystemAccess     - Writing to: C:\Users\Omen\Documents\pp\Tubes OOP s2\Tubes-OOP-IF2212\system\fxgl.bundle
00:57:37.257 [JavaFX Application Thread] DEBUG Async                - Shutting down background threads
00:57:37.257 [JavaFX Application Thread] DEBUG PrimaryStageWindow   - Closing main window
00:57:37.288 [JavaFX Application Thread] DEBUG Logger               - Closing Logger
