00:59:23.621 [main                     ] DEBUG Logger               - Configured Logger
00:59:23.651 [main                     ] DEBUG GameApplication      - Logging settings
Title: Guardians of Flora Versus the Legions of Necrosis!
Version: 0.0
Width: 1280
Height: 720
Fullscreen: false
Intro: false
Profiling: false
Single step:false
App Mode: DEVELOPER
Menu Key: ESCAPE
Stage Style: DECORATED
Scene Factory: class com.almasb.fxgl.app.scene.SceneFactory

00:59:24.227 [JavaFX Application Thread] DEBUG FXGLApplication      - Initializing FXGL
00:59:24.231 [JavaFX Application Thread] INFO  Engine               - FXGL-17.3 (30.03.2023 11.49) on WINDOWS (J:20.0.2 FX:20.0.1)
00:59:24.232 [JavaFX Application Thread] DEBUG Engine               - JRE Vendor Name: Oracle Corporation
00:59:24.232 [JavaFX Application Thread] DEBUG Engine               - Running on OS: Windows 11 version 10.0
00:59:24.232 [JavaFX Application Thread] DEBUG Engine               - Architecture: amd64
00:59:24.232 [JavaFX Application Thread] INFO  Engine               - Source code and latest versions at: https://github.com/AlmasB/FXGL
00:59:24.232 [JavaFX Application Thread] INFO  Engine               -       Ask questions and discuss at: https://github.com/AlmasB/FXGL/discussions
00:59:24.232 [JavaFX Application Thread] INFO  Engine               -              Join the FXGL chat at: https://gitter.im/AlmasB/FXGL
00:59:24.311 [JavaFX Application Thread] DEBUG PrimaryStageWindow   - Creating a JavaFX scene
00:59:24.359 [JavaFX Application Thread] DEBUG PrimaryStageWindow   - Target settings size: 1280.0 x 720.0
00:59:24.359 [JavaFX Application Thread] DEBUG PrimaryStageWindow   - Scaled scene size:    1280.0 x 720.0
00:59:24.360 [JavaFX Application Thread] DEBUG PrimaryStageWindow   - Scaled ratio: (1.0, 1.0)
00:59:24.361 [JavaFX Application Thread] DEBUG PrimaryStageWindow   - Set initial scene to FXGLStartupScene
00:59:24.364 [JavaFX Application Thread] DEBUG PrimaryStageWindow   - Opening main window
00:59:24.517 [JavaFX Application Thread] DEBUG PrimaryStageWindow   - Window border size: (16.0, 39.0)
00:59:24.518 [JavaFX Application Thread] DEBUG PrimaryStageWindow   - Scaled size: 1280.0 x 720.0
00:59:24.518 [JavaFX Application Thread] DEBUG PrimaryStageWindow   - Scaled ratio: (1.0, 1.0)
00:59:24.518 [JavaFX Application Thread] DEBUG PrimaryStageWindow   - Scene size: 1280.0 x 720.0
00:59:24.519 [JavaFX Application Thread] DEBUG PrimaryStageWindow   - Stage size: 1296.0 x 759.0
00:59:24.525 [FXGL Background Thread 1 ] DEBUG Engine               - Initializing environment variables
00:59:24.580 [FXGL Background Thread 1 ] DEBUG FXGLAssetLoaderServi - User app class for loading assets: class org.tubesoopif2212.Gui
00:59:24.580 [FXGL Background Thread 1 ] DEBUG GameApplicationServi - Applying CSS: fxgl_dark.css
00:59:24.580 [FXGL Background Thread 1 ] DEBUG FXGLAssetLoaderServi - Loading from file system: jar:file:///C:/Users/Omen/.gradle/caches/modules-2/files-2.1/com.github.almasb/fxgl/17.3/614d2b2607c97fe7b539dfa75036066a8010f74b/fxgl-17.3.jar!/fxglassets/ui/css/fxgl_dark.css
00:59:24.624 [FXGL Background Thread 1 ] DEBUG GameApplicationServi - Initializing application scenes
00:59:24.666 [FXGL Background Thread 1 ] DEBUG GameWorld            - Game world initialized
00:59:24.730 [FXGL Background Thread 1 ] DEBUG PhysicsWorld         - Physics world initialized: appHeight=720, physics.ppm=50.0
00:59:24.731 [FXGL Background Thread 1 ] DEBUG PhysicsWorld         - Using strategy: BRUTE_FORCE
00:59:24.735 [FXGL Background Thread 1 ] DEBUG GameScene            - Game scene initialized: 1280x720
00:59:24.747 [FXGL Background Thread 1 ] DEBUG FXGL.DefaultMenu     - createMenuBodyGameMenu()
00:59:24.762 [FXGL Background Thread 1 ] DEBUG FXGL.DefaultMenu     - createOptionsMenu()
00:59:24.774 [FXGL Background Thread 1 ] DEBUG FXGLAssetLoaderServi - Loading from file system: jar:file:///C:/Users/Omen/.gradle/caches/modules-2/files-2.1/com.github.almasb/fxgl/17.3/614d2b2607c97fe7b539dfa75036066a8010f74b/fxgl-17.3.jar!/fxglassets/textures/particles/smoke.png
00:59:24.886 [FXGL Background Thread 1 ] DEBUG FXGLAssetLoaderServi - Loading from file system: jar:file:///C:/Users/Omen/.gradle/caches/modules-2/files-2.1/com.github.almasb/fxgl/17.3/614d2b2607c97fe7b539dfa75036066a8010f74b/fxgl-17.3.jar!/fxglassets/textures/particles/trace_horizontal.png
00:59:24.919 [FXGL Background Thread 1 ] DEBUG GameApplicationServi - Application scenes initialized
00:59:24.936 [FXGL Background Thread 1 ] DEBUG SystemBundleService  - Loading FXGL system data
00:59:24.941 [FXGL Background Thread 1 ] DEBUG FileSystemAccess     - Reading from: C:\Users\Omen\Documents\pp\Tubes OOP s2\Tubes-OOP-IF2212\system\fxgl.bundle
00:59:24.952 [FXGL Background Thread 1 ] DEBUG SystemBundleService  - Bundle FXGL: {}
00:59:24.953 [FXGL Background Thread 1 ] DEBUG UpdaterService       - Checking for updates
00:59:24.957 [FXGL Background Thread 4 ] DEBUG FXGLApplication      - Loading fonts
00:59:24.957 [FXGL Background Thread 1 ] DEBUG FXGLApplication      - Loading default localization
00:59:24.957 [FXGL Background Thread 4 ] DEBUG FXGLAssetLoaderServi - Loading from file system: jar:file:///C:/Users/Omen/.gradle/caches/modules-2/files-2.1/com.github.almasb/fxgl/17.3/614d2b2607c97fe7b539dfa75036066a8010f74b/fxgl-17.3.jar!/fxglassets/ui/fonts/VarelaRound-Regular.ttf
00:59:24.959 [FXGL Background Thread 1 ] DEBUG FXGLAssetLoaderServi - Loading from file system: jar:file:///C:/Users/Omen/.gradle/caches/modules-2/files-2.1/com.github.almasb/fxgl/17.3/614d2b2607c97fe7b539dfa75036066a8010f74b/fxgl-17.3.jar!/fxglassets/languages/english.lang
00:59:24.992 [FXGL Background Thread 1 ] INFO  FXGLApplication      - FXGL initialization took: 0.466 sec
00:59:24.994 [JavaFX Application Thread] DEBUG FXGLAssetLoaderServi - Loading from file system: jar:file:///C:/Users/Omen/.gradle/caches/modules-2/files-2.1/com.github.almasb/fxgl/17.3/614d2b2607c97fe7b539dfa75036066a8010f74b/fxgl-17.3.jar!/fxglassets/textures/fxgl_icon.png
00:59:25.014 [JavaFX Application Thread] DEBUG FXGLAssetLoaderServi - Loading from file system: jar:file:///C:/Users/Omen/.gradle/caches/modules-2/files-2.1/com.github.almasb/fxgl/17.3/614d2b2607c97fe7b539dfa75036066a8010f74b/fxgl-17.3.jar!/fxglassets/textures/fxgl_default_cursor.png
00:59:25.034 [JavaFX Application Thread] DEBUG Input                - Registered new binding: Screenshot - CTRL+8
00:59:25.035 [JavaFX Application Thread] DEBUG Input                - Registered new binding: System info dump - CTRL+9
00:59:25.036 [JavaFX Application Thread] DEBUG Input                - Registered new binding: Restart - CTRL+R
00:59:25.037 [JavaFX Application Thread] DEBUG Input                - Registered new binding: Toggle Debug Camera - CTRL+7
00:59:25.045 [JavaFX Application Thread] DEBUG LoopRunner           - Starting loop
00:59:25.046 [JavaFX Application Thread] DEBUG LoopRunner           - Initializing JavaFX AnimationTimerLoop
00:59:25.047 [FXGL Background Thread 4 ] DEBUG FXGLAssetLoaderServi - Loading from file system: jar:file:///C:/Users/Omen/.gradle/caches/modules-2/files-2.1/com.github.almasb/fxgl/17.3/614d2b2607c97fe7b539dfa75036066a8010f74b/fxgl-17.3.jar!/fxglassets/ui/fonts/Abel-Regular.ttf
00:59:25.051 [JavaFX Application Thread] DEBUG GameApplicationServi - Starting new game
00:59:25.052 [JavaFX Application Thread] DEBUG Input                - Clearing active input actions
00:59:25.052 [FXGL Background Thread 4 ] DEBUG FXGLAssetLoaderServi - Loading from file system: jar:file:///C:/Users/Omen/.gradle/caches/modules-2/files-2.1/com.github.almasb/fxgl/17.3/614d2b2607c97fe7b539dfa75036066a8010f74b/fxgl-17.3.jar!/fxglassets/ui/fonts/TerminalLandMono-Regular.otf
00:59:25.056 [FXGL Background Thread 4 ] DEBUG FXGLAssetLoaderServi - Loading from file system: jar:file:///C:/Users/Omen/.gradle/caches/modules-2/files-2.1/com.github.almasb/fxgl/17.3/614d2b2607c97fe7b539dfa75036066a8010f74b/fxgl-17.3.jar!/fxglassets/ui/fonts/Courier-Prime.ttf
00:59:25.069 [JavaFX Application Thread] DEBUG GameApplicationServi - Removing overlay from FXGLStartupScene and adding to FXGLLoadingScene
00:59:25.069 [JavaFX Application Thread] DEBUG PrimaryStageWindow   - FXGLStartupScene -> FXGLLoadingScene
00:59:25.069 [JavaFX Application Thread] DEBUG GameApplicationServi - Clearing previous game
00:59:25.069 [JavaFX Application Thread] DEBUG GameScene            - Clearing game scene
00:59:25.069 [JavaFX Application Thread] DEBUG GameWorld            - Clearing game world
00:59:25.069 [JavaFX Application Thread] DEBUG PhysicsWorld         - Clearing physics world
00:59:25.073 [FXGL Background Thread 4 ] DEBUG FXGLApplication      - Initializing game
00:59:25.077 [FXGL Background Thread 4 ] INFO  FXGLApplication      - Game initialization took: 0.004 sec
00:59:25.143 [JavaFX Application Thread] DEBUG FXGLApplication      - Registering font factories with UI factory
00:59:25.149 [JavaFX Application Thread] DEBUG Input                - Clearing active input actions
00:59:25.169 [JavaFX Application Thread] DEBUG GameApplicationServi - Removing overlay from FXGLLoadingScene and adding to GameScene
00:59:25.169 [JavaFX Application Thread] DEBUG PrimaryStageWindow   - FXGLLoadingScene -> GameScene
00:59:25.686 [JavaFX Application Thread] WARN  FXGLAssetLoaderServi - Asset "/assets/textures/ceres_fauna.png" was not found!
00:59:25.686 [JavaFX Application Thread] WARN  FXGLAssetLoaderServi - Failed to load IMAGE
00:59:25.788 [FXGL Background Thread 2 ] INFO  UpdaterService       - Your current version:  17.3
00:59:25.788 [FXGL Background Thread 2 ] INFO  UpdaterService       - Latest stable version: 21.1
00:59:26.725 [JavaFX Application Thread] DEBUG FXGLApplication      - Exiting FXGL
00:59:26.725 [JavaFX Application Thread] DEBUG LoopRunner           - Stopping loop
00:59:26.725 [JavaFX Application Thread] DEBUG SystemBundleService  - Saving FXGL system data
00:59:26.727 [JavaFX Application Thread] DEBUG FileSystemAccess     - Writing to: C:\Users\Omen\Documents\pp\Tubes OOP s2\Tubes-OOP-IF2212\system\fxgl.bundle
00:59:26.729 [JavaFX Application Thread] DEBUG Async                - Shutting down background threads
00:59:26.729 [JavaFX Application Thread] DEBUG PrimaryStageWindow   - Closing main window
00:59:26.759 [JavaFX Application Thread] DEBUG Logger               - Closing Logger
