01:04:02.393 [main                     ] DEBUG Logger               - Configured Logger
01:04:02.418 [main                     ] DEBUG GameApplication      - Logging settings
Title: Guardians of Flora Versus the Legions of Necrosis!
Version: 0.0
Width: 1280
Height: 720
Fullscreen: false
Intro: false
Profiling: false
Single step:false
App Mode: DEVELOPER
Menu Key: ESCAPE
Stage Style: DECORATED
Scene Factory: class com.almasb.fxgl.app.scene.SceneFactory

01:04:03.026 [JavaFX Application Thread] DEBUG FXGLApplication      - Initializing FXGL
01:04:03.029 [JavaFX Application Thread] INFO  Engine               - FXGL-17.3 (30.03.2023 11.49) on WINDOWS (J:20.0.2 FX:20.0.1)
01:04:03.030 [JavaFX Application Thread] DEBUG Engine               - JRE Vendor Name: Oracle Corporation
01:04:03.030 [JavaFX Application Thread] DEBUG Engine               - Running on OS: Windows 11 version 10.0
01:04:03.030 [JavaFX Application Thread] DEBUG Engine               - Architecture: amd64
01:04:03.031 [JavaFX Application Thread] INFO  Engine               - Source code and latest versions at: https://github.com/AlmasB/FXGL
01:04:03.031 [JavaFX Application Thread] INFO  Engine               -       Ask questions and discuss at: https://github.com/AlmasB/FXGL/discussions
01:04:03.031 [JavaFX Application Thread] INFO  Engine               -              Join the FXGL chat at: https://gitter.im/AlmasB/FXGL
01:04:03.124 [JavaFX Application Thread] DEBUG PrimaryStageWindow   - Creating a JavaFX scene
01:04:03.176 [JavaFX Application Thread] DEBUG PrimaryStageWindow   - Target settings size: 1280.0 x 720.0
01:04:03.176 [JavaFX Application Thread] DEBUG PrimaryStageWindow   - Scaled scene size:    1280.0 x 720.0
01:04:03.176 [JavaFX Application Thread] DEBUG PrimaryStageWindow   - Scaled ratio: (1.0, 1.0)
01:04:03.178 [JavaFX Application Thread] DEBUG PrimaryStageWindow   - Set initial scene to FXGLStartupScene
01:04:03.181 [JavaFX Application Thread] DEBUG PrimaryStageWindow   - Opening main window
01:04:03.318 [JavaFX Application Thread] DEBUG PrimaryStageWindow   - Window border size: (16.0, 39.0)
01:04:03.318 [JavaFX Application Thread] DEBUG PrimaryStageWindow   - Scaled size: 1280.0 x 720.0
01:04:03.319 [JavaFX Application Thread] DEBUG PrimaryStageWindow   - Scaled ratio: (1.0, 1.0)
01:04:03.319 [JavaFX Application Thread] DEBUG PrimaryStageWindow   - Scene size: 1280.0 x 720.0
01:04:03.319 [JavaFX Application Thread] DEBUG PrimaryStageWindow   - Stage size: 1296.0 x 759.0
01:04:03.326 [FXGL Background Thread 1 ] DEBUG Engine               - Initializing environment variables
01:04:03.384 [FXGL Background Thread 1 ] DEBUG FXGLAssetLoaderServi - User app class for loading assets: class org.tubesoopif2212.Gui
01:04:03.385 [FXGL Background Thread 1 ] DEBUG GameApplicationServi - Applying CSS: fxgl_dark.css
01:04:03.385 [FXGL Background Thread 1 ] DEBUG FXGLAssetLoaderServi - Loading from file system: jar:file:///C:/Users/Omen/.gradle/caches/modules-2/files-2.1/com.github.almasb/fxgl/17.3/614d2b2607c97fe7b539dfa75036066a8010f74b/fxgl-17.3.jar!/fxglassets/ui/css/fxgl_dark.css
01:04:03.431 [FXGL Background Thread 1 ] DEBUG GameApplicationServi - Initializing application scenes
01:04:03.477 [FXGL Background Thread 1 ] DEBUG GameWorld            - Game world initialized
01:04:03.546 [FXGL Background Thread 1 ] DEBUG PhysicsWorld         - Physics world initialized: appHeight=720, physics.ppm=50.0
01:04:03.546 [FXGL Background Thread 1 ] DEBUG PhysicsWorld         - Using strategy: BRUTE_FORCE
01:04:03.551 [FXGL Background Thread 1 ] DEBUG GameScene            - Game scene initialized: 1280x720
01:04:03.565 [FXGL Background Thread 1 ] DEBUG FXGL.DefaultMenu     - createMenuBodyGameMenu()
01:04:03.580 [FXGL Background Thread 1 ] DEBUG FXGL.DefaultMenu     - createOptionsMenu()
01:04:03.592 [FXGL Background Thread 1 ] DEBUG FXGLAssetLoaderServi - Loading from file system: jar:file:///C:/Users/Omen/.gradle/caches/modules-2/files-2.1/com.github.almasb/fxgl/17.3/614d2b2607c97fe7b539dfa75036066a8010f74b/fxgl-17.3.jar!/fxglassets/textures/particles/smoke.png
01:04:03.706 [FXGL Background Thread 1 ] DEBUG FXGLAssetLoaderServi - Loading from file system: jar:file:///C:/Users/Omen/.gradle/caches/modules-2/files-2.1/com.github.almasb/fxgl/17.3/614d2b2607c97fe7b539dfa75036066a8010f74b/fxgl-17.3.jar!/fxglassets/textures/particles/trace_horizontal.png
01:04:03.734 [FXGL Background Thread 1 ] DEBUG GameApplicationServi - Application scenes initialized
01:04:03.748 [FXGL Background Thread 1 ] DEBUG SystemBundleService  - Loading FXGL system data
01:04:03.753 [FXGL Background Thread 1 ] DEBUG FileSystemAccess     - Reading from: C:\Users\Omen\Documents\pp\Tubes OOP s2\Tubes-OOP-IF2212\system\fxgl.bundle
01:04:03.762 [FXGL Background Thread 1 ] DEBUG SystemBundleService  - Bundle FXGL: {}
01:04:03.762 [FXGL Background Thread 1 ] DEBUG UpdaterService       - Checking for updates
01:04:03.768 [FXGL Background Thread 4 ] DEBUG FXGLApplication      - Loading fonts
01:04:03.768 [FXGL Background Thread 4 ] DEBUG FXGLAssetLoaderServi - Loading from file system: jar:file:///C:/Users/Omen/.gradle/caches/modules-2/files-2.1/com.github.almasb/fxgl/17.3/614d2b2607c97fe7b539dfa75036066a8010f74b/fxgl-17.3.jar!/fxglassets/ui/fonts/VarelaRound-Regular.ttf
01:04:03.769 [FXGL Background Thread 1 ] DEBUG FXGLApplication      - Loading default localization
01:04:03.771 [FXGL Background Thread 1 ] DEBUG FXGLAssetLoaderServi - Loading from file system: jar:file:///C:/Users/Omen/.gradle/caches/modules-2/files-2.1/com.github.almasb/fxgl/17.3/614d2b2607c97fe7b539dfa75036066a8010f74b/fxgl-17.3.jar!/fxglassets/languages/english.lang
01:04:03.802 [FXGL Background Thread 1 ] INFO  FXGLApplication      - FXGL initialization took: 0.476 sec
01:04:03.803 [JavaFX Application Thread] DEBUG FXGLAssetLoaderServi - Loading from file system: jar:file:///C:/Users/Omen/.gradle/caches/modules-2/files-2.1/com.github.almasb/fxgl/17.3/614d2b2607c97fe7b539dfa75036066a8010f74b/fxgl-17.3.jar!/fxglassets/textures/fxgl_icon.png
01:04:03.824 [JavaFX Application Thread] DEBUG FXGLAssetLoaderServi - Loading from file system: jar:file:///C:/Users/Omen/.gradle/caches/modules-2/files-2.1/com.github.almasb/fxgl/17.3/614d2b2607c97fe7b539dfa75036066a8010f74b/fxgl-17.3.jar!/fxglassets/textures/fxgl_default_cursor.png
01:04:03.844 [JavaFX Application Thread] DEBUG Input                - Registered new binding: Screenshot - CTRL+8
01:04:03.845 [JavaFX Application Thread] DEBUG Input                - Registered new binding: System info dump - CTRL+9
01:04:03.845 [JavaFX Application Thread] DEBUG Input                - Registered new binding: Restart - CTRL+R
01:04:03.847 [JavaFX Application Thread] DEBUG Input                - Registered new binding: Toggle Debug Camera - CTRL+7
01:04:03.852 [FXGL Background Thread 4 ] DEBUG FXGLAssetLoaderServi - Loading from file system: jar:file:///C:/Users/Omen/.gradle/caches/modules-2/files-2.1/com.github.almasb/fxgl/17.3/614d2b2607c97fe7b539dfa75036066a8010f74b/fxgl-17.3.jar!/fxglassets/ui/fonts/Abel-Regular.ttf
01:04:03.856 [JavaFX Application Thread] DEBUG LoopRunner           - Starting loop
01:04:03.856 [JavaFX Application Thread] DEBUG LoopRunner           - Initializing JavaFX AnimationTimerLoop
01:04:03.859 [JavaFX Application Thread] DEBUG GameApplicationServi - Starting new game
01:04:03.860 [FXGL Background Thread 4 ] DEBUG FXGLAssetLoaderServi - Loading from file system: jar:file:///C:/Users/Omen/.gradle/caches/modules-2/files-2.1/com.github.almasb/fxgl/17.3/614d2b2607c97fe7b539dfa75036066a8010f74b/fxgl-17.3.jar!/fxglassets/ui/fonts/Courier-Prime.ttf
01:04:03.860 [JavaFX Application Thread] DEBUG Input                - Clearing active input actions
01:04:03.877 [JavaFX Application Thread] DEBUG GameApplicationServi - Removing overlay from FXGLStartupScene and adding to FXGLLoadingScene
01:04:03.877 [JavaFX Application Thread] DEBUG PrimaryStageWindow   - FXGLStartupScene -> FXGLLoadingScene
01:04:03.878 [JavaFX Application Thread] DEBUG GameApplicationServi - Clearing previous game
01:04:03.878 [JavaFX Application Thread] DEBUG GameScene            - Clearing game scene
01:04:03.878 [JavaFX Application Thread] DEBUG GameWorld            - Clearing game world
01:04:03.878 [JavaFX Application Thread] DEBUG PhysicsWorld         - Clearing physics world
01:04:03.880 [FXGL Background Thread 4 ] DEBUG FXGLApplication      - Initializing game
01:04:03.882 [FXGL Background Thread 4 ] INFO  FXGLApplication      - Game initialization took: 0.003 sec
01:04:03.936 [JavaFX Application Thread] DEBUG FXGLApplication      - Registering font factories with UI factory
01:04:03.941 [JavaFX Application Thread] DEBUG Input                - Clearing active input actions
01:04:03.958 [JavaFX Application Thread] DEBUG GameApplicationServi - Removing overlay from FXGLLoadingScene and adding to GameScene
01:04:03.958 [JavaFX Application Thread] DEBUG PrimaryStageWindow   - FXGLLoadingScene -> GameScene
01:04:04.252 [FXGL Background Thread 2 ] INFO  UpdaterService       - Your current version:  17.3
01:04:04.254 [FXGL Background Thread 2 ] INFO  UpdaterService       - Latest stable version: 21.1
01:04:04.647 [JavaFX Application Thread] WARN  FXGLAssetLoaderServi - Asset "/assets/textures/ceres_fauna.png" was not found!
01:04:04.648 [JavaFX Application Thread] WARN  FXGLAssetLoaderServi - Failed to load IMAGE
01:04:05.687 [JavaFX Application Thread] DEBUG FXGLApplication      - Exiting FXGL
01:04:05.689 [JavaFX Application Thread] DEBUG LoopRunner           - Stopping loop
01:04:05.689 [JavaFX Application Thread] DEBUG SystemBundleService  - Saving FXGL system data
01:04:05.690 [JavaFX Application Thread] DEBUG FileSystemAccess     - Writing to: C:\Users\Omen\Documents\pp\Tubes OOP s2\Tubes-OOP-IF2212\system\fxgl.bundle
01:04:05.692 [JavaFX Application Thread] DEBUG Async                - Shutting down background threads
01:04:05.692 [JavaFX Application Thread] DEBUG PrimaryStageWindow   - Closing main window
01:04:05.725 [JavaFX Application Thread] DEBUG Logger               - Closing Logger
