01:01:28.740 [main                     ] DEBUG Logger               - Configured Logger
01:01:28.763 [main                     ] DEBUG GameApplication      - Logging settings
Title: Guardians of Flora Versus the Legions of Necrosis!
Version: 0.0
Width: 1280
Height: 720
Fullscreen: false
Intro: false
Profiling: false
Single step:false
App Mode: DEVELOPER
Menu Key: ESCAPE
Stage Style: DECORATED
Scene Factory: class com.almasb.fxgl.app.scene.SceneFactory

01:01:29.298 [JavaFX Application Thread] DEBUG FXGLApplication      - Initializing FXGL
01:01:29.301 [JavaFX Application Thread] INFO  Engine               - FXGL-17.3 (30.03.2023 11.49) on WINDOWS (J:20.0.2 FX:20.0.1)
01:01:29.302 [JavaFX Application Thread] DEBUG Engine               - JRE Vendor Name: Oracle Corporation
01:01:29.302 [JavaFX Application Thread] DEBUG Engine               - Running on OS: Windows 11 version 10.0
01:01:29.302 [JavaFX Application Thread] DEBUG Engine               - Architecture: amd64
01:01:29.302 [JavaFX Application Thread] INFO  Engine               - Source code and latest versions at: https://github.com/AlmasB/FXGL
01:01:29.302 [JavaFX Application Thread] INFO  Engine               -       Ask questions and discuss at: https://github.com/AlmasB/FXGL/discussions
01:01:29.302 [JavaFX Application Thread] INFO  Engine               -              Join the FXGL chat at: https://gitter.im/AlmasB/FXGL
01:01:29.380 [JavaFX Application Thread] DEBUG PrimaryStageWindow   - Creating a JavaFX scene
01:01:29.425 [JavaFX Application Thread] DEBUG PrimaryStageWindow   - Target settings size: 1280.0 x 720.0
01:01:29.425 [JavaFX Application Thread] DEBUG PrimaryStageWindow   - Scaled scene size:    1280.0 x 720.0
01:01:29.426 [JavaFX Application Thread] DEBUG PrimaryStageWindow   - Scaled ratio: (1.0, 1.0)
01:01:29.427 [JavaFX Application Thread] DEBUG PrimaryStageWindow   - Set initial scene to FXGLStartupScene
01:01:29.430 [JavaFX Application Thread] DEBUG PrimaryStageWindow   - Opening main window
01:01:29.553 [JavaFX Application Thread] DEBUG PrimaryStageWindow   - Window border size: (16.0, 39.0)
01:01:29.554 [JavaFX Application Thread] DEBUG PrimaryStageWindow   - Scaled size: 1280.0 x 720.0
01:01:29.554 [JavaFX Application Thread] DEBUG PrimaryStageWindow   - Scaled ratio: (1.0, 1.0)
01:01:29.554 [JavaFX Application Thread] DEBUG PrimaryStageWindow   - Scene size: 1280.0 x 720.0
01:01:29.554 [JavaFX Application Thread] DEBUG PrimaryStageWindow   - Stage size: 1296.0 x 759.0
01:01:29.562 [FXGL Background Thread 1 ] DEBUG Engine               - Initializing environment variables
01:01:29.616 [FXGL Background Thread 1 ] DEBUG FXGLAssetLoaderServi - User app class for loading assets: class org.tubesoopif2212.Gui
01:01:29.617 [FXGL Background Thread 1 ] DEBUG GameApplicationServi - Applying CSS: fxgl_dark.css
01:01:29.617 [FXGL Background Thread 1 ] DEBUG FXGLAssetLoaderServi - Loading from file system: jar:file:///C:/Users/Omen/.gradle/caches/modules-2/files-2.1/com.github.almasb/fxgl/17.3/614d2b2607c97fe7b539dfa75036066a8010f74b/fxgl-17.3.jar!/fxglassets/ui/css/fxgl_dark.css
01:01:29.664 [FXGL Background Thread 1 ] DEBUG GameApplicationServi - Initializing application scenes
01:01:29.709 [FXGL Background Thread 1 ] DEBUG GameWorld            - Game world initialized
01:01:29.770 [FXGL Background Thread 1 ] DEBUG PhysicsWorld         - Physics world initialized: appHeight=720, physics.ppm=50.0
01:01:29.770 [FXGL Background Thread 1 ] DEBUG PhysicsWorld         - Using strategy: BRUTE_FORCE
01:01:29.775 [FXGL Background Thread 1 ] DEBUG GameScene            - Game scene initialized: 1280x720
01:01:29.788 [FXGL Background Thread 1 ] DEBUG FXGL.DefaultMenu     - createMenuBodyGameMenu()
01:01:29.802 [FXGL Background Thread 1 ] DEBUG FXGL.DefaultMenu     - createOptionsMenu()
01:01:29.812 [FXGL Background Thread 1 ] DEBUG FXGLAssetLoaderServi - Loading from file system: jar:file:///C:/Users/Omen/.gradle/caches/modules-2/files-2.1/com.github.almasb/fxgl/17.3/614d2b2607c97fe7b539dfa75036066a8010f74b/fxgl-17.3.jar!/fxglassets/textures/particles/smoke.png
01:01:29.918 [FXGL Background Thread 1 ] DEBUG FXGLAssetLoaderServi - Loading from file system: jar:file:///C:/Users/Omen/.gradle/caches/modules-2/files-2.1/com.github.almasb/fxgl/17.3/614d2b2607c97fe7b539dfa75036066a8010f74b/fxgl-17.3.jar!/fxglassets/textures/particles/trace_horizontal.png
01:01:29.945 [FXGL Background Thread 1 ] DEBUG GameApplicationServi - Application scenes initialized
01:01:29.960 [FXGL Background Thread 1 ] DEBUG SystemBundleService  - Loading FXGL system data
01:01:29.964 [FXGL Background Thread 1 ] DEBUG FileSystemAccess     - Reading from: C:\Users\Omen\Documents\pp\Tubes OOP s2\Tubes-OOP-IF2212\system\fxgl.bundle
01:01:29.974 [FXGL Background Thread 1 ] DEBUG SystemBundleService  - Bundle FXGL: {}
01:01:29.974 [FXGL Background Thread 1 ] DEBUG UpdaterService       - Checking for updates
01:01:29.979 [FXGL Background Thread 4 ] DEBUG FXGLApplication      - Loading fonts
01:01:29.979 [FXGL Background Thread 4 ] DEBUG FXGLAssetLoaderServi - Loading from file system: jar:file:///C:/Users/Omen/.gradle/caches/modules-2/files-2.1/com.github.almasb/fxgl/17.3/614d2b2607c97fe7b539dfa75036066a8010f74b/fxgl-17.3.jar!/fxglassets/ui/fonts/VarelaRound-Regular.ttf
01:01:29.980 [FXGL Background Thread 1 ] DEBUG FXGLApplication      - Loading default localization
01:01:29.980 [FXGL Background Thread 1 ] DEBUG FXGLAssetLoaderServi - Loading from file system: jar:file:///C:/Users/Omen/.gradle/caches/modules-2/files-2.1/com.github.almasb/fxgl/17.3/614d2b2607c97fe7b539dfa75036066a8010f74b/fxgl-17.3.jar!/fxglassets/languages/english.lang
01:01:30.010 [FXGL Background Thread 1 ] INFO  FXGLApplication      - FXGL initialization took: 0.447 sec
01:01:30.011 [JavaFX Application Thread] DEBUG FXGLAssetLoaderServi - Loading from file system: jar:file:///C:/Users/Omen/.gradle/caches/modules-2/files-2.1/com.github.almasb/fxgl/17.3/614d2b2607c97fe7b539dfa75036066a8010f74b/fxgl-17.3.jar!/fxglassets/textures/fxgl_icon.png
01:01:30.031 [JavaFX Application Thread] DEBUG FXGLAssetLoaderServi - Loading from file system: jar:file:///C:/Users/Omen/.gradle/caches/modules-2/files-2.1/com.github.almasb/fxgl/17.3/614d2b2607c97fe7b539dfa75036066a8010f74b/fxgl-17.3.jar!/fxglassets/textures/fxgl_default_cursor.png
01:01:30.049 [JavaFX Application Thread] DEBUG Input                - Registered new binding: Screenshot - CTRL+8
01:01:30.050 [JavaFX Application Thread] DEBUG Input                - Registered new binding: System info dump - CTRL+9
01:01:30.052 [JavaFX Application Thread] DEBUG Input                - Registered new binding: Restart - CTRL+R
01:01:30.054 [JavaFX Application Thread] DEBUG Input                - Registered new binding: Toggle Debug Camera - CTRL+7
01:01:30.059 [JavaFX Application Thread] DEBUG LoopRunner           - Starting loop
01:01:30.059 [JavaFX Application Thread] DEBUG LoopRunner           - Initializing JavaFX AnimationTimerLoop
01:01:30.063 [JavaFX Application Thread] DEBUG GameApplicationServi - Starting new game
01:01:30.064 [JavaFX Application Thread] DEBUG Input                - Clearing active input actions
01:01:30.064 [FXGL Background Thread 4 ] DEBUG FXGLAssetLoaderServi - Loading from file system: jar:file:///C:/Users/Omen/.gradle/caches/modules-2/files-2.1/com.github.almasb/fxgl/17.3/614d2b2607c97fe7b539dfa75036066a8010f74b/fxgl-17.3.jar!/fxglassets/ui/fonts/Abel-Regular.ttf
01:01:30.070 [FXGL Background Thread 4 ] DEBUG FXGLAssetLoaderServi - Loading from file system: jar:file:///C:/Users/Omen/.gradle/caches/modules-2/files-2.1/com.github.almasb/fxgl/17.3/614d2b2607c97fe7b539dfa75036066a8010f74b/fxgl-17.3.jar!/fxglassets/ui/fonts/TerminalLandMono-Regular.otf
01:01:30.080 [JavaFX Application Thread] DEBUG GameApplicationServi - Removing overlay from FXGLStartupScene and adding to FXGLLoadingScene
01:01:30.080 [JavaFX Application Thread] DEBUG PrimaryStageWindow   - FXGLStartupScene -> FXGLLoadingScene
01:01:30.080 [JavaFX Application Thread] DEBUG GameApplicationServi - Clearing previous game
01:01:30.080 [JavaFX Application Thread] DEBUG GameScene            - Clearing game scene
01:01:30.081 [JavaFX Application Thread] DEBUG GameWorld            - Clearing game world
01:01:30.081 [JavaFX Application Thread] DEBUG PhysicsWorld         - Clearing physics world
01:01:30.083 [FXGL Background Thread 4 ] DEBUG FXGLAssetLoaderServi - Loading from file system: jar:file:///C:/Users/Omen/.gradle/caches/modules-2/files-2.1/com.github.almasb/fxgl/17.3/614d2b2607c97fe7b539dfa75036066a8010f74b/fxgl-17.3.jar!/fxglassets/ui/fonts/Courier-Prime.ttf
01:01:30.084 [FXGL Background Thread 1 ] DEBUG FXGLApplication      - Initializing game
01:01:30.086 [FXGL Background Thread 1 ] INFO  FXGLApplication      - Game initialization took: 0.002 sec
01:01:30.143 [JavaFX Application Thread] DEBUG Input                - Clearing active input actions
01:01:30.161 [JavaFX Application Thread] DEBUG GameApplicationServi - Removing overlay from FXGLLoadingScene and adding to GameScene
01:01:30.165 [JavaFX Application Thread] DEBUG PrimaryStageWindow   - FXGLLoadingScene -> GameScene
01:01:30.167 [JavaFX Application Thread] DEBUG FXGLApplication      - Registering font factories with UI factory
01:01:30.827 [JavaFX Application Thread] WARN  FXGLAssetLoaderServi - Asset "/assets/textures/textures/ceres_fauna.png" was not found!
01:01:30.827 [JavaFX Application Thread] WARN  FXGLAssetLoaderServi - Failed to load IMAGE
01:01:31.435 [FXGL Background Thread 2 ] INFO  UpdaterService       - Your current version:  17.3
01:01:31.435 [FXGL Background Thread 2 ] INFO  UpdaterService       - Latest stable version: 21.1
01:01:31.685 [JavaFX Application Thread] DEBUG FXGLApplication      - Exiting FXGL
01:01:31.685 [JavaFX Application Thread] DEBUG LoopRunner           - Stopping loop
01:01:31.685 [JavaFX Application Thread] DEBUG SystemBundleService  - Saving FXGL system data
01:01:31.688 [JavaFX Application Thread] DEBUG FileSystemAccess     - Writing to: C:\Users\Omen\Documents\pp\Tubes OOP s2\Tubes-OOP-IF2212\system\fxgl.bundle
01:01:31.689 [JavaFX Application Thread] DEBUG Async                - Shutting down background threads
01:01:31.689 [JavaFX Application Thread] DEBUG PrimaryStageWindow   - Closing main window
01:01:31.717 [JavaFX Application Thread] DEBUG Logger               - Closing Logger
